2023-12-15 13:19:16,223 - INFO - Session path: save/maestro_2008_2011.sess
2023-12-15 13:19:16,223 - INFO - Dataset path: dataset/processed/maestro_2008_2011
2023-12-15 13:19:16,223 - INFO - Saving interval: 60.0
2023-12-15 13:19:16,223 - INFO - Hyperparameters: init_dim=32,event_dim=240,control_dim=24,hidden_dim=512,gru_layers=3,gru_dropout=0.3
2023-12-15 13:19:16,223 - INFO - Learning rate: 0.001
2023-12-15 13:19:16,223 - INFO - Batch size: 128
2023-12-15 13:19:16,223 - INFO - Window size: 200
2023-12-15 13:19:16,223 - INFO - Stride size: 10
2023-12-15 13:19:16,223 - INFO - Control ratio: 0.3
2023-12-15 13:19:16,223 - INFO - Teacher forcing ratio: 1.0
2023-12-15 13:19:16,224 - INFO - Random transposition: False
2023-12-15 13:19:16,224 - INFO - Reset optimizer: False
2023-12-15 13:19:16,224 - INFO - Enabling logging: False
2023-12-15 13:19:16,224 - INFO - Device: cpu
2023-12-15 13:19:16,643 - INFO - Loading session
2023-12-15 13:19:16,656 - INFO - Session is loaded from save/maestro_2008_2011.sess
2023-12-15 13:19:16,837 - INFO - PerformanceRNN(
  (inithid_fc): Linear(in_features=32, out_features=1536, bias=True)
  (inithid_fc_activation): Tanh()
  (event_embedding): Embedding(240, 240)
  (concat_input_fc): Linear(in_features=265, out_features=512, bias=True)
  (concat_input_fc_activation): LeakyReLU(negative_slope=0.1, inplace=True)
  (gru): GRU(512, 512, num_layers=3, dropout=0.3)
  (output_fc): Linear(in_features=1536, out_features=240, bias=True)
  (output_fc_activation): Softmax(dim=-1)
)
2023-12-15 13:19:16,837 - INFO - Loading dataset
2023-12-15 13:19:17,188 - INFO - Dataset(root="dataset/processed/maestro_2008_2011", samples=310, avglen=16159.593548387096)
2023-12-15 13:20:00,995 - INFO - iter 0, loss: 3.5688037872314453
2023-12-15 13:20:17,385 - INFO - iter 1, loss: 3.592848539352417
2023-12-15 13:20:17,385 - INFO -  Saving to save/maestro_2008_2011.sess
2023-12-15 13:20:17,443 - INFO - Done saving
2023-12-15 13:21:08,531 - INFO - iter 2, loss: 3.5159835815429688
2023-12-15 13:21:53,340 - INFO - iter 3, loss: 3.577569007873535
2023-12-15 13:21:53,340 - INFO -  Saving to save/maestro_2008_2011.sess
2023-12-15 13:21:53,399 - INFO - Done saving
2023-12-15 13:22:34,721 - INFO - iter 4, loss: 3.5183496475219727
2023-12-15 13:23:19,349 - INFO - iter 5, loss: 3.511382818222046
2023-12-15 13:23:19,349 - INFO -  Saving to save/maestro_2008_2011.sess
2023-12-15 13:23:19,405 - INFO - Done saving
2023-12-15 13:24:10,090 - INFO - iter 6, loss: 3.491032123565674
2023-12-15 13:24:57,010 - INFO - iter 7, loss: 3.5039901733398438
2023-12-15 13:24:57,010 - INFO -  Saving to save/maestro_2008_2011.sess
2023-12-15 13:24:57,066 - INFO - Done saving
2023-12-15 13:25:44,727 - INFO - iter 8, loss: 3.5279412269592285
2023-12-15 13:26:29,447 - INFO - iter 9, loss: 3.4990768432617188
2023-12-15 13:26:29,447 - INFO -  Saving to save/maestro_2008_2011.sess
2023-12-15 13:26:29,504 - INFO - Done saving
2023-12-15 13:27:11,556 - INFO - iter 10, loss: 3.5298025608062744
2023-12-15 13:27:51,682 - INFO - iter 11, loss: 3.539726495742798
2023-12-15 13:27:51,682 - INFO -  Saving to save/maestro_2008_2011.sess
2023-12-15 13:27:51,738 - INFO - Done saving
2023-12-15 13:28:41,634 - INFO - iter 12, loss: 3.5331788063049316
2023-12-15 13:29:28,370 - INFO - iter 13, loss: 3.4856934547424316
2023-12-15 13:29:28,370 - INFO -  Saving to save/maestro_2008_2011.sess
2023-12-15 13:29:28,427 - INFO - Done saving
2023-12-15 13:30:12,695 - INFO - iter 14, loss: 3.473653793334961
2023-12-15 13:30:55,257 - INFO - iter 15, loss: 3.4716637134552
2023-12-15 13:30:55,257 - INFO -  Saving to save/maestro_2008_2011.sess
2023-12-15 13:30:55,313 - INFO - Done saving
2023-12-15 13:31:41,996 - INFO - iter 16, loss: 3.505234956741333
2023-12-15 13:32:30,825 - INFO - iter 17, loss: 3.450019598007202
2023-12-15 13:32:30,825 - INFO -  Saving to save/maestro_2008_2011.sess
2023-12-15 13:32:30,882 - INFO - Done saving
2023-12-15 13:33:15,985 - INFO - iter 18, loss: 3.4612643718719482
2023-12-15 13:33:56,880 - INFO - iter 19, loss: 3.4809165000915527
2023-12-15 13:33:56,880 - INFO -  Saving to save/maestro_2008_2011.sess
2023-12-15 13:33:56,936 - INFO - Done saving
2023-12-15 13:34:39,046 - INFO - iter 20, loss: 3.4154915809631348
2023-12-15 13:35:26,457 - INFO - iter 21, loss: 3.495217800140381
2023-12-15 13:35:26,457 - INFO -  Saving to save/maestro_2008_2011.sess
2023-12-15 13:35:26,513 - INFO - Done saving
2023-12-15 13:36:16,668 - INFO - iter 22, loss: 3.4637341499328613
2023-12-15 13:37:00,857 - INFO - iter 23, loss: 3.4390578269958496
2023-12-15 13:37:00,857 - INFO -  Saving to save/maestro_2008_2011.sess
2023-12-15 13:37:00,913 - INFO - Done saving
2023-12-15 13:37:48,505 - INFO - iter 24, loss: 3.4124655723571777
2023-12-15 13:38:24,861 - INFO - iter 25, loss: 3.437056064605713
2023-12-15 13:38:24,861 - INFO -  Saving to save/maestro_2008_2011.sess
2023-12-15 13:38:24,918 - INFO - Done saving
2023-12-15 13:39:01,850 - INFO - iter 26, loss: 3.4173548221588135
2023-12-15 13:39:39,872 - INFO - iter 27, loss: 3.410339117050171
2023-12-15 13:39:39,872 - INFO -  Saving to save/maestro_2008_2011.sess
2023-12-15 13:39:39,928 - INFO - Done saving
2023-12-15 13:40:26,124 - INFO - iter 28, loss: 3.4347195625305176
2023-12-15 13:41:15,179 - INFO - iter 29, loss: 3.4317898750305176
2023-12-15 13:41:15,179 - INFO -  Saving to save/maestro_2008_2011.sess
2023-12-15 13:41:15,244 - INFO - Done saving
2023-12-15 13:42:06,702 - INFO - iter 30, loss: 3.412583589553833
2023-12-15 13:42:51,984 - INFO - iter 31, loss: 3.421297550201416
2023-12-15 13:42:51,984 - INFO -  Saving to save/maestro_2008_2011.sess
2023-12-15 13:42:52,040 - INFO - Done saving
2023-12-15 13:43:36,123 - INFO - iter 32, loss: 3.3740179538726807
2023-12-15 13:44:20,743 - INFO -  Saving to save/maestro_2008_2011.sess
2023-12-15 13:44:20,803 - INFO - Done saving
