2023-12-12 20:37:48,901 - INFO - Session path: save/maestro_2008_2011.sess
2023-12-12 20:37:48,902 - INFO - Dataset path: dataset/processed/maestro_2008_2011
2023-12-12 20:37:48,902 - INFO - Saving interval: 60.0
2023-12-12 20:37:48,902 - INFO - Hyperparameters: init_dim=32,event_dim=240,control_dim=24,hidden_dim=512,gru_layers=3,gru_dropout=0.3
2023-12-12 20:37:48,902 - INFO - Learning rate: 0.001
2023-12-12 20:37:48,902 - INFO - Batch size: 128
2023-12-12 20:37:48,902 - INFO - Window size: 200
2023-12-12 20:37:48,902 - INFO - Stride size: 10
2023-12-12 20:37:48,902 - INFO - Control ratio: 0.3
2023-12-12 20:37:48,902 - INFO - Teacher forcing ratio: 1.0
2023-12-12 20:37:48,902 - INFO - Random transposition: False
2023-12-12 20:37:48,902 - INFO - Reset optimizer: False
2023-12-12 20:37:48,902 - INFO - Enabling logging: False
2023-12-12 20:37:48,902 - INFO - Device: cpu
2023-12-12 20:37:49,453 - INFO - Loading session
2023-12-12 20:37:49,465 - INFO - Session is loaded from save/maestro_2008_2011.sess
2023-12-12 20:37:49,689 - INFO - PerformanceRNN(
  (inithid_fc): Linear(in_features=32, out_features=1536, bias=True)
  (inithid_fc_activation): Tanh()
  (event_embedding): Embedding(240, 240)
  (concat_input_fc): Linear(in_features=265, out_features=512, bias=True)
  (concat_input_fc_activation): LeakyReLU(negative_slope=0.1, inplace=True)
  (gru): GRU(512, 512, num_layers=3, dropout=0.3)
  (output_fc): Linear(in_features=1536, out_features=240, bias=True)
  (output_fc_activation): Softmax(dim=-1)
)
2023-12-12 20:37:49,690 - INFO - Loading dataset
2023-12-12 20:37:50,023 - INFO - Dataset(root="dataset/processed/maestro_2008_2011", samples=310, avglen=16159.593548387096)
2023-12-12 20:38:29,835 - INFO - iter 0, loss: 4.624279499053955
2023-12-12 20:39:29,259 - INFO - iter 1, loss: 4.550004005432129
2023-12-12 20:39:29,260 - INFO -  Saving to save/maestro_2008_2011.sess
2023-12-12 20:39:29,319 - INFO - Done saving
2023-12-12 20:40:40,169 - INFO - iter 2, loss: 4.5351362228393555
2023-12-12 20:40:40,170 - INFO -  Saving to save/maestro_2008_2011.sess
2023-12-12 20:40:40,229 - INFO - Done saving
2023-12-12 20:41:25,296 - INFO - iter 3, loss: 4.356113433837891
2023-12-12 20:42:03,363 - INFO - iter 4, loss: 4.378515720367432
2023-12-12 20:42:03,363 - INFO -  Saving to save/maestro_2008_2011.sess
2023-12-12 20:42:03,419 - INFO - Done saving
2023-12-12 20:42:41,515 - INFO - iter 5, loss: 4.31744384765625
2023-12-12 20:43:19,914 - INFO - iter 6, loss: 4.282422065734863
2023-12-12 20:43:19,914 - INFO -  Saving to save/maestro_2008_2011.sess
2023-12-12 20:43:19,972 - INFO - Done saving
2023-12-12 20:43:57,715 - INFO - iter 7, loss: 4.243203639984131
2023-12-12 20:44:35,203 - INFO - iter 8, loss: 4.240144729614258
2023-12-12 20:44:35,203 - INFO -  Saving to save/maestro_2008_2011.sess
2023-12-12 20:44:35,261 - INFO - Done saving
2023-12-12 20:45:12,978 - INFO - iter 9, loss: 4.2475996017456055
2023-12-12 20:45:50,863 - INFO - iter 10, loss: 4.238927841186523
2023-12-12 20:45:50,863 - INFO -  Saving to save/maestro_2008_2011.sess
2023-12-12 20:45:50,921 - INFO - Done saving
2023-12-12 20:46:29,350 - INFO - iter 11, loss: 4.208975791931152
2023-12-12 20:47:07,102 - INFO - iter 12, loss: 4.241909027099609
2023-12-12 20:47:07,103 - INFO -  Saving to save/maestro_2008_2011.sess
2023-12-12 20:47:07,159 - INFO - Done saving
2023-12-12 20:47:44,730 - INFO - iter 13, loss: 4.221048355102539
2023-12-12 20:48:22,143 - INFO - iter 14, loss: 4.2082414627075195
2023-12-12 20:48:22,143 - INFO -  Saving to save/maestro_2008_2011.sess
2023-12-12 20:48:22,201 - INFO - Done saving
2023-12-12 20:48:59,326 - INFO - iter 15, loss: 4.1536970138549805
2023-12-12 20:49:36,788 - INFO - iter 16, loss: 4.164567947387695
2023-12-12 20:49:36,788 - INFO -  Saving to save/maestro_2008_2011.sess
2023-12-12 20:49:36,846 - INFO - Done saving
2023-12-12 20:50:14,433 - INFO - iter 17, loss: 4.1080708503723145
2023-12-12 20:50:52,193 - INFO - iter 18, loss: 4.1537251472473145
2023-12-12 20:50:52,193 - INFO -  Saving to save/maestro_2008_2011.sess
2023-12-12 20:50:52,250 - INFO - Done saving
2023-12-12 20:51:29,802 - INFO - iter 19, loss: 4.15059757232666
2023-12-12 20:52:08,354 - INFO - iter 20, loss: 4.092348575592041
2023-12-12 20:52:08,354 - INFO -  Saving to save/maestro_2008_2011.sess
2023-12-12 20:52:08,412 - INFO - Done saving
2023-12-12 20:52:46,230 - INFO - iter 21, loss: 4.095919609069824
2023-12-12 20:53:23,307 - INFO - iter 22, loss: 4.096427917480469
2023-12-12 20:53:23,307 - INFO -  Saving to save/maestro_2008_2011.sess
2023-12-12 20:53:23,365 - INFO - Done saving
2023-12-12 20:54:00,634 - INFO - iter 23, loss: 4.082051753997803
2023-12-12 20:54:38,400 - INFO - iter 24, loss: 4.102872848510742
2023-12-12 20:54:38,400 - INFO -  Saving to save/maestro_2008_2011.sess
2023-12-12 20:54:38,457 - INFO - Done saving
2023-12-12 20:55:16,502 - INFO - iter 25, loss: 4.098237991333008
2023-12-12 20:55:54,223 - INFO - iter 26, loss: 4.046682834625244
2023-12-12 20:55:54,224 - INFO -  Saving to save/maestro_2008_2011.sess
2023-12-12 20:55:54,281 - INFO - Done saving
2023-12-12 20:56:32,033 - INFO - iter 27, loss: 4.066776752471924
2023-12-12 20:57:09,769 - INFO - iter 28, loss: 4.029726028442383
2023-12-12 20:57:09,769 - INFO -  Saving to save/maestro_2008_2011.sess
2023-12-12 20:57:09,825 - INFO - Done saving
2023-12-12 20:57:47,544 - INFO - iter 29, loss: 4.027811050415039
2023-12-12 20:58:25,285 - INFO - iter 30, loss: 4.071732044219971
2023-12-12 20:58:25,285 - INFO -  Saving to save/maestro_2008_2011.sess
2023-12-12 20:58:25,344 - INFO - Done saving
2023-12-12 20:59:03,001 - INFO - iter 31, loss: 4.034908771514893
2023-12-12 20:59:40,525 - INFO - iter 32, loss: 4.00579309463501
2023-12-12 20:59:40,525 - INFO -  Saving to save/maestro_2008_2011.sess
2023-12-12 20:59:40,582 - INFO - Done saving
2023-12-12 21:00:18,089 - INFO - iter 33, loss: 4.005089282989502
2023-12-12 21:00:55,450 - INFO - iter 34, loss: 4.032153129577637
2023-12-12 21:00:55,450 - INFO -  Saving to save/maestro_2008_2011.sess
2023-12-12 21:00:55,506 - INFO - Done saving
2023-12-12 21:01:32,864 - INFO - iter 35, loss: 3.9968481063842773
2023-12-12 21:02:11,250 - INFO - iter 36, loss: 3.9723262786865234
2023-12-12 21:02:11,251 - INFO -  Saving to save/maestro_2008_2011.sess
2023-12-12 21:02:11,308 - INFO - Done saving
2023-12-12 21:02:48,601 - INFO - iter 37, loss: 3.984673261642456
2023-12-12 21:03:26,076 - INFO - iter 38, loss: 3.9882631301879883
2023-12-12 21:03:26,076 - INFO -  Saving to save/maestro_2008_2011.sess
2023-12-12 21:03:26,135 - INFO - Done saving
2023-12-12 21:04:03,659 - INFO - iter 39, loss: 3.931809663772583
2023-12-12 21:04:41,111 - INFO - iter 40, loss: 3.919801950454712
2023-12-12 21:04:41,111 - INFO -  Saving to save/maestro_2008_2011.sess
2023-12-12 21:04:41,169 - INFO - Done saving
2023-12-12 21:05:18,587 - INFO - iter 41, loss: 3.9036014080047607
2023-12-12 21:05:56,442 - INFO - iter 42, loss: 3.9447176456451416
2023-12-12 21:05:56,443 - INFO -  Saving to save/maestro_2008_2011.sess
2023-12-12 21:05:56,500 - INFO - Done saving
2023-12-12 21:06:34,008 - INFO - iter 43, loss: 3.9206719398498535
2023-12-12 21:07:10,637 - INFO - iter 44, loss: 3.878286123275757
2023-12-12 21:07:10,638 - INFO -  Saving to save/maestro_2008_2011.sess
2023-12-12 21:07:10,696 - INFO - Done saving
2023-12-12 21:07:48,681 - INFO - iter 45, loss: 3.8696224689483643
2023-12-12 21:08:25,836 - INFO - iter 46, loss: 3.893310546875
2023-12-12 21:08:25,837 - INFO -  Saving to save/maestro_2008_2011.sess
2023-12-12 21:08:25,902 - INFO - Done saving
2023-12-12 21:09:03,578 - INFO - iter 47, loss: 3.850358009338379
2023-12-12 21:09:41,555 - INFO - iter 48, loss: 3.8494412899017334
2023-12-12 21:09:41,555 - INFO -  Saving to save/maestro_2008_2011.sess
2023-12-12 21:09:41,611 - INFO - Done saving
2023-12-12 21:10:19,476 - INFO - iter 49, loss: 3.8424291610717773
2023-12-12 21:10:56,893 - INFO - iter 50, loss: 3.8120172023773193
2023-12-12 21:10:56,894 - INFO -  Saving to save/maestro_2008_2011.sess
2023-12-12 21:10:56,956 - INFO - Done saving
2023-12-12 21:11:34,345 - INFO - iter 51, loss: 3.8837943077087402
2023-12-12 21:12:13,164 - INFO - iter 52, loss: 3.8107659816741943
2023-12-12 21:12:13,164 - INFO -  Saving to save/maestro_2008_2011.sess
2023-12-12 21:12:13,225 - INFO - Done saving
2023-12-12 21:12:51,442 - INFO - iter 53, loss: 3.8311474323272705
2023-12-12 21:13:28,952 - INFO - iter 54, loss: 3.7810373306274414
2023-12-12 21:13:28,953 - INFO -  Saving to save/maestro_2008_2011.sess
2023-12-12 21:13:29,009 - INFO - Done saving
2023-12-12 21:14:08,381 - INFO - iter 55, loss: 3.775343656539917
2023-12-12 21:14:47,064 - INFO - iter 56, loss: 3.7996227741241455
2023-12-12 21:14:47,065 - INFO -  Saving to save/maestro_2008_2011.sess
2023-12-12 21:14:47,125 - INFO - Done saving
2023-12-12 21:15:25,976 - INFO - iter 57, loss: 3.769653558731079
2023-12-12 21:16:03,444 - INFO - iter 58, loss: 3.7557506561279297
2023-12-12 21:16:03,445 - INFO -  Saving to save/maestro_2008_2011.sess
2023-12-12 21:16:03,501 - INFO - Done saving
2023-12-12 21:16:40,775 - INFO - iter 59, loss: 3.7365589141845703
2023-12-12 21:17:18,412 - INFO - iter 60, loss: 3.7144601345062256
2023-12-12 21:17:18,413 - INFO -  Saving to save/maestro_2008_2011.sess
2023-12-12 21:17:18,471 - INFO - Done saving
2023-12-12 21:17:56,176 - INFO - iter 61, loss: 3.753589391708374
2023-12-12 21:18:33,901 - INFO - iter 62, loss: 3.693376064300537
2023-12-12 21:18:33,901 - INFO -  Saving to save/maestro_2008_2011.sess
2023-12-12 21:18:33,959 - INFO - Done saving
2023-12-12 21:19:11,573 - INFO - iter 63, loss: 3.7322511672973633
2023-12-12 21:19:48,646 - INFO - iter 64, loss: 3.6736702919006348
2023-12-12 21:19:48,646 - INFO -  Saving to save/maestro_2008_2011.sess
2023-12-12 21:19:48,708 - INFO - Done saving
2023-12-12 21:20:26,536 - INFO - iter 65, loss: 3.6840741634368896
2023-12-12 21:21:03,881 - INFO - iter 66, loss: 3.706770420074463
2023-12-12 21:21:03,882 - INFO -  Saving to save/maestro_2008_2011.sess
2023-12-12 21:21:03,939 - INFO - Done saving
2023-12-12 21:21:41,955 - INFO - iter 67, loss: 3.6846368312835693
2023-12-12 21:22:19,772 - INFO - iter 68, loss: 3.6231207847595215
2023-12-12 21:22:19,773 - INFO -  Saving to save/maestro_2008_2011.sess
2023-12-12 21:22:19,831 - INFO - Done saving
2023-12-12 21:22:57,353 - INFO - iter 69, loss: 3.6622238159179688
2023-12-12 21:23:34,529 - INFO - iter 70, loss: 3.6157586574554443
2023-12-12 21:23:34,530 - INFO -  Saving to save/maestro_2008_2011.sess
2023-12-12 21:23:34,586 - INFO - Done saving
2023-12-12 21:24:12,356 - INFO - iter 71, loss: 3.665976047515869
2023-12-12 21:24:49,587 - INFO - iter 72, loss: 3.6193790435791016
2023-12-12 21:24:49,588 - INFO -  Saving to save/maestro_2008_2011.sess
2023-12-12 21:24:49,645 - INFO - Done saving
2023-12-12 21:25:27,980 - INFO - iter 73, loss: 3.6169748306274414
2023-12-12 21:26:05,617 - INFO - iter 74, loss: 3.649472713470459
2023-12-12 21:26:05,618 - INFO -  Saving to save/maestro_2008_2011.sess
2023-12-12 21:26:05,679 - INFO - Done saving
2023-12-12 21:26:42,766 - INFO - iter 75, loss: 3.6065943241119385
2023-12-12 21:27:24,431 - INFO - iter 76, loss: 3.634200096130371
2023-12-12 21:27:24,432 - INFO -  Saving to save/maestro_2008_2011.sess
2023-12-12 21:27:24,489 - INFO - Done saving
2023-12-12 21:28:17,763 - INFO - iter 77, loss: 3.5855066776275635
2023-12-12 21:29:17,743 - INFO - iter 78, loss: 3.5991714000701904
2023-12-12 21:29:17,745 - INFO -  Saving to save/maestro_2008_2011.sess
2023-12-12 21:29:17,811 - INFO - Done saving
2023-12-12 21:30:18,683 - INFO - iter 79, loss: 3.603694438934326
2023-12-12 21:30:18,684 - INFO -  Saving to save/maestro_2008_2011.sess
2023-12-12 21:30:18,744 - INFO - Done saving
2023-12-12 21:31:15,314 - INFO - iter 80, loss: 3.5749194622039795
2023-12-12 21:32:18,138 - INFO - iter 81, loss: 3.5977447032928467
2023-12-12 21:32:18,139 - INFO -  Saving to save/maestro_2008_2011.sess
2023-12-12 21:32:18,205 - INFO - Done saving
2023-12-12 21:33:23,205 - INFO - iter 82, loss: 3.5785295963287354
2023-12-12 21:33:23,207 - INFO -  Saving to save/maestro_2008_2011.sess
2023-12-12 21:33:23,266 - INFO - Done saving
2023-12-12 21:34:30,139 - INFO -  Saving to save/maestro_2008_2011.sess
2023-12-12 21:34:30,208 - INFO - Done saving
